---------- Date: 2016-02-01 14:17:16 ~ IP : 127.0.0.1 ----------
REQUEST URI : /da-nang-sai-gon-mien-tay/tour-da-nang-sai-gon-tay-ninh-can-tho-4-ngay-3-dem.html
MOD DETAILS:
   modFile   : /opt/lampp/htdocs/vfcomvn/vqmod/xml/replace_old_code.xml
   id        : Replace Old Code
   version   : 1
   vqmver    : 2.3.2
   author    : codek365@gmail.com

File Name    : catalog/view/theme/*/*/product/*.tpl(0)
VQModObject::applyMod - SEARCH NOT FOUND (ABORTING MOD): <div class="product-filter">
----------------------------------------------------------------------


---------- Date: 2016-02-01 14:19:21 ~ IP : 127.0.0.1 ----------
REQUEST URI : /da-nang-sai-gon-mien-tay/tour-da-nang-sai-gon-tay-ninh-can-tho-4-ngay-3-dem.html
MOD DETAILS:
   modFile   : /opt/lampp/htdocs/vfcomvn/vqmod/xml/replace_old_code.xml
   id        : Replace Old Code
   version   : 1
   vqmver    : 2.3.2
   author    : codek365@gmail.com

File Name    : catalog/view/theme/*/*/product/*.tpl(0)
VQModObject::applyMod - SEARCH NOT FOUND (ABORTING MOD): <div class="product-filter">
----------------------------------------------------------------------


---------- Date: 2016-02-01 14:20:16 ~ IP : 127.0.0.1 ----------
REQUEST URI : /da-nang-sai-gon-mien-tay/tour-da-nang-sai-gon-tay-ninh-can-tho-4-ngay-3-dem.html
MOD DETAILS:
   modFile   : /opt/lampp/htdocs/vfcomvn/vqmod/xml/replace_old_code.xml
   id        : Replace Old Code
   version   : 1
   vqmver    : 2.3.2
   author    : codek365@gmail.com

File Name    : catalog/view/theme/*/*/product/*.tpl(0)
VQModObject::applyMod - SEARCH NOT FOUND (ABORTING MOD): <div class="product-filter">
----------------------------------------------------------------------


---------- Date: 2016-02-01 14:55:14 ~ IP : 127.0.0.1 ----------
REQUEST URI : /da-nang-sai-gon-mien-tay/tour-da-nang-sai-gon-tay-ninh-can-tho-4-ngay-3-dem.html
MOD DETAILS:
   modFile   : /opt/lampp/htdocs/vfcomvn/vqmod/xml/replace_old_code.xml
   id        : Replace Old Code
   version   : 1
   vqmver    : 2.3.2
   author    : codek365@gmail.com

File Name    : catalog/view/theme/*/*/product/*.tpl(0)
VQModObject::applyMod - SEARCH NOT FOUND (ABORTING MOD): <div class="product-filter">
----------------------------------------------------------------------


---------- Date: 2016-02-01 14:56:23 ~ IP : 127.0.0.1 ----------
REQUEST URI : /da-nang-sai-gon-mien-tay/tour-da-nang-sai-gon-tay-ninh-can-tho-4-ngay-3-dem.html
MOD DETAILS:
   modFile   : /opt/lampp/htdocs/vfcomvn/vqmod/xml/replace_old_code.xml
   id        : Replace Old Code
   version   : 1
   vqmver    : 2.3.2
   author    : codek365@gmail.com

File Name    : catalog/view/theme/*/*/product/*.tpl(0)
VQModObject::applyMod - SEARCH NOT FOUND (ABORTING MOD): <div class="product-filter">
----------------------------------------------------------------------


---------- Date: 2016-02-01 14:56:40 ~ IP : 127.0.0.1 ----------
REQUEST URI : /da-nang-sai-gon-mien-tay/tour-da-nang-sai-gon-tay-ninh-can-tho-4-ngay-3-dem.html
MOD DETAILS:
   modFile   : /opt/lampp/htdocs/vfcomvn/vqmod/xml/replace_old_code.xml
   id        : Replace Old Code
   version   : 1
   vqmver    : 2.3.2
   author    : codek365@gmail.com

File Name    : catalog/view/theme/*/*/product/*.tpl(0)
VQModObject::applyMod - SEARCH NOT FOUND (ABORTING MOD): <div class="product-filter">
----------------------------------------------------------------------


---------- Date: 2016-02-01 14:57:27 ~ IP : 127.0.0.1 ----------
REQUEST URI : /da-nang-sai-gon-mien-tay/tour-da-nang-sai-gon-tay-ninh-can-tho-4-ngay-3-dem.html
MOD DETAILS:
   modFile   : /opt/lampp/htdocs/vfcomvn/vqmod/xml/replace_old_code.xml
   id        : Replace Old Code
   version   : 1
   vqmver    : 2.3.2
   author    : codek365@gmail.com

File Name    : catalog/view/theme/*/*/product/*.tpl(0)
VQModObject::applyMod - SEARCH NOT FOUND (ABORTING MOD): <div class="product-filter">
----------------------------------------------------------------------


---------- Date: 2016-02-01 14:58:57 ~ IP : 127.0.0.1 ----------
REQUEST URI : /da-nang-sai-gon-mien-tay/tour-da-nang-sai-gon-tay-ninh-can-tho-4-ngay-3-dem.html
MOD DETAILS:
   modFile   : /opt/lampp/htdocs/vfcomvn/vqmod/xml/replace_old_code.xml
   id        : Replace Old Code
   version   : 1
   vqmver    : 2.3.2
   author    : codek365@gmail.com

File Name    : catalog/view/theme/*/*/product/*.tpl(0)
VQModObject::applyMod - SEARCH NOT FOUND (ABORTING MOD): <div class="product-filter">
----------------------------------------------------------------------


---------- Date: 2016-02-01 14:59:32 ~ IP : 127.0.0.1 ----------
REQUEST URI : /da-nang-sai-gon-mien-tay/tour-da-nang-sai-gon-tay-ninh-can-tho-4-ngay-3-dem.html
MOD DETAILS:
   modFile   : /opt/lampp/htdocs/vfcomvn/vqmod/xml/replace_old_code.xml
   id        : Replace Old Code
   version   : 1
   vqmver    : 2.3.2
   author    : codek365@gmail.com

File Name    : catalog/view/theme/*/*/product/*.tpl(0)
VQModObject::applyMod - SEARCH NOT FOUND (ABORTING MOD): <div class="product-filter">
----------------------------------------------------------------------


---------- Date: 2016-02-01 15:00:17 ~ IP : 127.0.0.1 ----------
REQUEST URI : /da-nang-sai-gon-mien-tay/tour-da-nang-sai-gon-tay-ninh-can-tho-4-ngay-3-dem.html
MOD DETAILS:
   modFile   : /opt/lampp/htdocs/vfcomvn/vqmod/xml/replace_old_code.xml
   id        : Replace Old Code
   version   : 1
   vqmver    : 2.3.2
   author    : codek365@gmail.com

File Name    : catalog/view/theme/*/*/product/*.tpl(0)
VQModObject::applyMod - SEARCH NOT FOUND (ABORTING MOD): <div class="product-filter">
----------------------------------------------------------------------


---------- Date: 2016-02-01 15:03:42 ~ IP : 127.0.0.1 ----------
REQUEST URI : /da-nang-sai-gon-mien-tay/tour-da-nang-sai-gon-tay-ninh-can-tho-4-ngay-3-dem.html
MOD DETAILS:
   modFile   : /opt/lampp/htdocs/vfcomvn/vqmod/xml/replace_old_code.xml
   id        : Replace Old Code
   version   : 1
   vqmver    : 2.3.2
   author    : codek365@gmail.com

File Name    : catalog/view/theme/*/*/product/*.tpl(0)
VQModObject::applyMod - SEARCH NOT FOUND (ABORTING MOD): <div class="product-filter">
----------------------------------------------------------------------


---------- Date: 2016-02-01 15:04:19 ~ IP : 127.0.0.1 ----------
REQUEST URI : /da-nang-sai-gon-mien-tay/tour-da-nang-sai-gon-tay-ninh-can-tho-4-ngay-3-dem.html
MOD DETAILS:
   modFile   : /opt/lampp/htdocs/vfcomvn/vqmod/xml/replace_old_code.xml
   id        : Replace Old Code
   version   : 1
   vqmver    : 2.3.2
   author    : codek365@gmail.com

File Name    : catalog/view/theme/*/*/product/*.tpl(0)
VQModObject::applyMod - SEARCH NOT FOUND (ABORTING MOD): <div class="product-filter">
----------------------------------------------------------------------


---------- Date: 2016-02-01 15:06:28 ~ IP : 127.0.0.1 ----------
REQUEST URI : /da-nang-sai-gon-mien-tay/tour-da-nang-sai-gon-tay-ninh-can-tho-4-ngay-3-dem.html
MOD DETAILS:
   modFile   : /opt/lampp/htdocs/vfcomvn/vqmod/xml/replace_old_code.xml
   id        : Replace Old Code
   version   : 1
   vqmver    : 2.3.2
   author    : codek365@gmail.com

File Name    : catalog/view/theme/*/*/product/*.tpl(0)
VQModObject::applyMod - SEARCH NOT FOUND (ABORTING MOD): <div class="product-filter">
----------------------------------------------------------------------


---------- Date: 2016-02-01 15:12:21 ~ IP : 127.0.0.1 ----------
REQUEST URI : /da-nang-sai-gon-mien-tay/tour-da-nang-sai-gon-tay-ninh-can-tho-4-ngay-3-dem.html
MOD DETAILS:
   modFile   : /opt/lampp/htdocs/vfcomvn/vqmod/xml/replace_old_code.xml
   id        : Replace Old Code
   version   : 1
   vqmver    : 2.3.2
   author    : codek365@gmail.com

File Name    : catalog/view/theme/*/*/product/*.tpl(0)
VQModObject::applyMod - SEARCH NOT FOUND (ABORTING MOD): <div class="product-filter">
----------------------------------------------------------------------


---------- Date: 2016-02-01 15:13:14 ~ IP : 127.0.0.1 ----------
REQUEST URI : /da-nang-sai-gon-mien-tay/tour-da-nang-sai-gon-tay-ninh-can-tho-4-ngay-3-dem.html
MOD DETAILS:
   modFile   : /opt/lampp/htdocs/vfcomvn/vqmod/xml/replace_old_code.xml
   id        : Replace Old Code
   version   : 1
   vqmver    : 2.3.2
   author    : codek365@gmail.com

File Name    : catalog/view/theme/*/*/product/*.tpl(0)
VQModObject::applyMod - SEARCH NOT FOUND (ABORTING MOD): <div class="product-filter">
----------------------------------------------------------------------


---------- Date: 2016-02-01 15:14:11 ~ IP : 127.0.0.1 ----------
REQUEST URI : /da-nang-sai-gon-mien-tay/tour-da-nang-sai-gon-tay-ninh-can-tho-4-ngay-3-dem.html
MOD DETAILS:
   modFile   : /opt/lampp/htdocs/vfcomvn/vqmod/xml/replace_old_code.xml
   id        : Replace Old Code
   version   : 1
   vqmver    : 2.3.2
   author    : codek365@gmail.com

File Name    : catalog/view/theme/*/*/product/*.tpl(0)
VQModObject::applyMod - SEARCH NOT FOUND (ABORTING MOD): <div class="product-filter">
----------------------------------------------------------------------


---------- Date: 2016-02-01 15:14:40 ~ IP : 127.0.0.1 ----------
REQUEST URI : /da-nang-sai-gon-mien-tay/tour-da-nang-sai-gon-tay-ninh-can-tho-4-ngay-3-dem.html
MOD DETAILS:
   modFile   : /opt/lampp/htdocs/vfcomvn/vqmod/xml/replace_old_code.xml
   id        : Replace Old Code
   version   : 1
   vqmver    : 2.3.2
   author    : codek365@gmail.com

File Name    : catalog/view/theme/*/*/product/*.tpl(0)
VQModObject::applyMod - SEARCH NOT FOUND (ABORTING MOD): <div class="product-filter">
----------------------------------------------------------------------


---------- Date: 2016-02-01 15:15:37 ~ IP : 127.0.0.1 ----------
REQUEST URI : /da-nang-sai-gon-mien-tay/tour-da-nang-sai-gon-tay-ninh-can-tho-4-ngay-3-dem.html
MOD DETAILS:
   modFile   : /opt/lampp/htdocs/vfcomvn/vqmod/xml/replace_old_code.xml
   id        : Replace Old Code
   version   : 1
   vqmver    : 2.3.2
   author    : codek365@gmail.com

File Name    : catalog/view/theme/*/*/product/*.tpl(0)
VQModObject::applyMod - SEARCH NOT FOUND (ABORTING MOD): <div class="product-filter">
----------------------------------------------------------------------


---------- Date: 2016-02-01 15:18:18 ~ IP : 127.0.0.1 ----------
REQUEST URI : /da-nang-sai-gon-mien-tay/tour-da-nang-sai-gon-tay-ninh-can-tho-4-ngay-3-dem.html
MOD DETAILS:
   modFile   : /opt/lampp/htdocs/vfcomvn/vqmod/xml/replace_old_code.xml
   id        : Replace Old Code
   version   : 1
   vqmver    : 2.3.2
   author    : codek365@gmail.com

File Name    : catalog/view/theme/*/*/product/*.tpl(0)
VQModObject::applyMod - SEARCH NOT FOUND (ABORTING MOD): <div class="product-filter">
----------------------------------------------------------------------


---------- Date: 2016-02-01 15:26:32 ~ IP : 127.0.0.1 ----------
REQUEST URI : /da-nang-sai-gon-mien-tay/tour-da-nang-sai-gon-tay-ninh-can-tho-4-ngay-3-dem.html
MOD DETAILS:
   modFile   : /opt/lampp/htdocs/vfcomvn/vqmod/xml/replace_old_code.xml
   id        : Replace Old Code
   version   : 1
   vqmver    : 2.3.2
   author    : codek365@gmail.com

File Name    : catalog/view/theme/*/*/product/*.tpl(0)
VQModObject::applyMod - SEARCH NOT FOUND (ABORTING MOD): <div class="product-filter">
----------------------------------------------------------------------


---------- Date: 2016-02-01 15:26:44 ~ IP : 127.0.0.1 ----------
REQUEST URI : /da-nang-sai-gon-mien-tay/tour-da-nang-sai-gon-tay-ninh-can-tho-4-ngay-3-dem.html
MOD DETAILS:
   modFile   : /opt/lampp/htdocs/vfcomvn/vqmod/xml/replace_old_code.xml
   id        : Replace Old Code
   version   : 1
   vqmver    : 2.3.2
   author    : codek365@gmail.com

File Name    : catalog/view/theme/*/*/product/*.tpl(0)
VQModObject::applyMod - SEARCH NOT FOUND (ABORTING MOD): <div class="product-filter">
----------------------------------------------------------------------


---------- Date: 2016-02-01 15:35:04 ~ IP : 127.0.0.1 ----------
REQUEST URI : /da-nang-sai-gon-mien-tay/tour-da-nang-sai-gon-tay-ninh-can-tho-4-ngay-3-dem.html
MOD DETAILS:
   modFile   : /opt/lampp/htdocs/vfcomvn/vqmod/xml/replace_old_code.xml
   id        : Replace Old Code
   version   : 1
   vqmver    : 2.3.2
   author    : codek365@gmail.com

File Name    : catalog/view/theme/*/*/product/*.tpl(0)
VQModObject::applyMod - SEARCH NOT FOUND (ABORTING MOD): <div class="product-filter">
----------------------------------------------------------------------


---------- Date: 2016-02-01 15:37:22 ~ IP : 127.0.0.1 ----------
REQUEST URI : /da-nang-sai-gon-mien-tay/tour-da-nang-sai-gon-tay-ninh-can-tho-4-ngay-3-dem.html
MOD DETAILS:
   modFile   : /opt/lampp/htdocs/vfcomvn/vqmod/xml/replace_old_code.xml
   id        : Replace Old Code
   version   : 1
   vqmver    : 2.3.2
   author    : codek365@gmail.com

File Name    : catalog/view/theme/*/*/product/*.tpl(0)
VQModObject::applyMod - SEARCH NOT FOUND (ABORTING MOD): <div class="product-filter">
----------------------------------------------------------------------


---------- Date: 2016-02-01 15:39:54 ~ IP : 127.0.0.1 ----------
REQUEST URI : /da-nang-sai-gon-mien-tay/tour-da-nang-sai-gon-tay-ninh-can-tho-4-ngay-3-dem.html
MOD DETAILS:
   modFile   : /opt/lampp/htdocs/vfcomvn/vqmod/xml/replace_old_code.xml
   id        : Replace Old Code
   version   : 1
   vqmver    : 2.3.2
   author    : codek365@gmail.com

File Name    : catalog/view/theme/*/*/product/*.tpl(0)
VQModObject::applyMod - SEARCH NOT FOUND (ABORTING MOD): <div class="product-filter">
----------------------------------------------------------------------


---------- Date: 2016-02-01 15:40:28 ~ IP : 127.0.0.1 ----------
REQUEST URI : /da-nang-sai-gon-mien-tay/tour-da-nang-sai-gon-tay-ninh-can-tho-4-ngay-3-dem.html
MOD DETAILS:
   modFile   : /opt/lampp/htdocs/vfcomvn/vqmod/xml/replace_old_code.xml
   id        : Replace Old Code
   version   : 1
   vqmver    : 2.3.2
   author    : codek365@gmail.com

File Name    : catalog/view/theme/*/*/product/*.tpl(0)
VQModObject::applyMod - SEARCH NOT FOUND (ABORTING MOD): <div class="product-filter">
----------------------------------------------------------------------


---------- Date: 2016-02-01 15:40:58 ~ IP : 127.0.0.1 ----------
REQUEST URI : /da-nang-sai-gon-mien-tay/tour-da-nang-sai-gon-tay-ninh-can-tho-4-ngay-3-dem.html
MOD DETAILS:
   modFile   : /opt/lampp/htdocs/vfcomvn/vqmod/xml/replace_old_code.xml
   id        : Replace Old Code
   version   : 1
   vqmver    : 2.3.2
   author    : codek365@gmail.com

File Name    : catalog/view/theme/*/*/product/*.tpl(0)
VQModObject::applyMod - SEARCH NOT FOUND (ABORTING MOD): <div class="product-filter">
----------------------------------------------------------------------


---------- Date: 2016-02-01 15:41:44 ~ IP : 127.0.0.1 ----------
REQUEST URI : /da-nang-sai-gon-mien-tay/tour-da-nang-sai-gon-tay-ninh-can-tho-4-ngay-3-dem.html
MOD DETAILS:
   modFile   : /opt/lampp/htdocs/vfcomvn/vqmod/xml/replace_old_code.xml
   id        : Replace Old Code
   version   : 1
   vqmver    : 2.3.2
   author    : codek365@gmail.com

File Name    : catalog/view/theme/*/*/product/*.tpl(0)
VQModObject::applyMod - SEARCH NOT FOUND (ABORTING MOD): <div class="product-filter">
----------------------------------------------------------------------


---------- Date: 2016-02-01 15:45:32 ~ IP : 127.0.0.1 ----------
REQUEST URI : /da-nang-sai-gon-mien-tay/tour-da-nang-sai-gon-tay-ninh-can-tho-4-ngay-3-dem.html
MOD DETAILS:
   modFile   : /opt/lampp/htdocs/vfcomvn/vqmod/xml/replace_old_code.xml
   id        : Replace Old Code
   version   : 1
   vqmver    : 2.3.2
   author    : codek365@gmail.com

File Name    : catalog/view/theme/*/*/product/*.tpl(0)
VQModObject::applyMod - SEARCH NOT FOUND (ABORTING MOD): <div class="product-filter">
----------------------------------------------------------------------


---------- Date: 2016-02-01 15:48:05 ~ IP : 127.0.0.1 ----------
REQUEST URI : /da-nang-sai-gon-mien-tay/tour-da-nang-sai-gon-tay-ninh-can-tho-4-ngay-3-dem.html
MOD DETAILS:
   modFile   : /opt/lampp/htdocs/vfcomvn/vqmod/xml/replace_old_code.xml
   id        : Replace Old Code
   version   : 1
   vqmver    : 2.3.2
   author    : codek365@gmail.com

File Name    : catalog/view/theme/*/*/product/*.tpl(0)
VQModObject::applyMod - SEARCH NOT FOUND (ABORTING MOD): <div class="product-filter">
----------------------------------------------------------------------


---------- Date: 2016-02-01 15:48:51 ~ IP : 127.0.0.1 ----------
REQUEST URI : /da-nang-sai-gon-mien-tay/tour-da-nang-sai-gon-tay-ninh-can-tho-4-ngay-3-dem.html
MOD DETAILS:
   modFile   : /opt/lampp/htdocs/vfcomvn/vqmod/xml/replace_old_code.xml
   id        : Replace Old Code
   version   : 1
   vqmver    : 2.3.2
   author    : codek365@gmail.com

File Name    : catalog/view/theme/*/*/product/*.tpl(0)
VQModObject::applyMod - SEARCH NOT FOUND (ABORTING MOD): <div class="product-filter">
----------------------------------------------------------------------


---------- Date: 2016-02-01 15:49:14 ~ IP : 127.0.0.1 ----------
REQUEST URI : /da-nang-sai-gon-mien-tay/tour-da-nang-sai-gon-tay-ninh-can-tho-4-ngay-3-dem.html
MOD DETAILS:
   modFile   : /opt/lampp/htdocs/vfcomvn/vqmod/xml/replace_old_code.xml
   id        : Replace Old Code
   version   : 1
   vqmver    : 2.3.2
   author    : codek365@gmail.com

File Name    : catalog/view/theme/*/*/product/*.tpl(0)
VQModObject::applyMod - SEARCH NOT FOUND (ABORTING MOD): <div class="product-filter">
----------------------------------------------------------------------


---------- Date: 2016-02-01 15:55:45 ~ IP : 127.0.0.1 ----------
REQUEST URI : /da-nang-sai-gon-mien-tay/tour-da-nang-sai-gon-tay-ninh-can-tho-4-ngay-3-dem.html
MOD DETAILS:
   modFile   : /opt/lampp/htdocs/vfcomvn/vqmod/xml/replace_old_code.xml
   id        : Replace Old Code
   version   : 1
   vqmver    : 2.3.2
   author    : codek365@gmail.com

File Name    : catalog/view/theme/*/*/product/*.tpl(0)
VQModObject::applyMod - SEARCH NOT FOUND (ABORTING MOD): <div class="product-filter">
----------------------------------------------------------------------


---------- Date: 2016-02-01 15:58:21 ~ IP : 127.0.0.1 ----------
REQUEST URI : /da-nang-sai-gon-mien-tay/tour-da-nang-sai-gon-tay-ninh-can-tho-4-ngay-3-dem.html
MOD DETAILS:
   modFile   : /opt/lampp/htdocs/vfcomvn/vqmod/xml/replace_old_code.xml
   id        : Replace Old Code
   version   : 1
   vqmver    : 2.3.2
   author    : codek365@gmail.com

File Name    : catalog/view/theme/*/*/product/*.tpl(0)
VQModObject::applyMod - SEARCH NOT FOUND (ABORTING MOD): <div class="product-filter">
----------------------------------------------------------------------


---------- Date: 2016-02-01 15:58:50 ~ IP : 127.0.0.1 ----------
REQUEST URI : /da-nang-sai-gon-mien-tay/tour-da-nang-sai-gon-tay-ninh-can-tho-4-ngay-3-dem.html
MOD DETAILS:
   modFile   : /opt/lampp/htdocs/vfcomvn/vqmod/xml/replace_old_code.xml
   id        : Replace Old Code
   version   : 1
   vqmver    : 2.3.2
   author    : codek365@gmail.com

File Name    : catalog/view/theme/*/*/product/*.tpl(0)
VQModObject::applyMod - SEARCH NOT FOUND (ABORTING MOD): <div class="product-filter">
----------------------------------------------------------------------


---------- Date: 2016-02-01 16:00:31 ~ IP : 127.0.0.1 ----------
REQUEST URI : /da-nang-sai-gon-mien-tay/tour-da-nang-sai-gon-tay-ninh-can-tho-4-ngay-3-dem.html
MOD DETAILS:
   modFile   : /opt/lampp/htdocs/vfcomvn/vqmod/xml/replace_old_code.xml
   id        : Replace Old Code
   version   : 1
   vqmver    : 2.3.2
   author    : codek365@gmail.com

File Name    : catalog/view/theme/*/*/product/*.tpl(0)
VQModObject::applyMod - SEARCH NOT FOUND (ABORTING MOD): <div class="product-filter">
----------------------------------------------------------------------


---------- Date: 2016-02-01 16:00:54 ~ IP : 127.0.0.1 ----------
REQUEST URI : /da-nang-sai-gon-mien-tay/tour-da-nang-sai-gon-tay-ninh-can-tho-4-ngay-3-dem.html
MOD DETAILS:
   modFile   : /opt/lampp/htdocs/vfcomvn/vqmod/xml/replace_old_code.xml
   id        : Replace Old Code
   version   : 1
   vqmver    : 2.3.2
   author    : codek365@gmail.com

File Name    : catalog/view/theme/*/*/product/*.tpl(0)
VQModObject::applyMod - SEARCH NOT FOUND (ABORTING MOD): <div class="product-filter">
----------------------------------------------------------------------


---------- Date: 2016-02-01 16:01:23 ~ IP : 127.0.0.1 ----------
REQUEST URI : /da-nang-sai-gon-mien-tay/tour-da-nang-sai-gon-tay-ninh-can-tho-4-ngay-3-dem.html
MOD DETAILS:
   modFile   : /opt/lampp/htdocs/vfcomvn/vqmod/xml/replace_old_code.xml
   id        : Replace Old Code
   version   : 1
   vqmver    : 2.3.2
   author    : codek365@gmail.com

File Name    : catalog/view/theme/*/*/product/*.tpl(0)
VQModObject::applyMod - SEARCH NOT FOUND (ABORTING MOD): <div class="product-filter">
----------------------------------------------------------------------


---------- Date: 2016-02-01 16:01:51 ~ IP : 127.0.0.1 ----------
REQUEST URI : /da-nang-sai-gon-mien-tay/tour-da-nang-sai-gon-tay-ninh-can-tho-4-ngay-3-dem.html
MOD DETAILS:
   modFile   : /opt/lampp/htdocs/vfcomvn/vqmod/xml/replace_old_code.xml
   id        : Replace Old Code
   version   : 1
   vqmver    : 2.3.2
   author    : codek365@gmail.com

File Name    : catalog/view/theme/*/*/product/*.tpl(0)
VQModObject::applyMod - SEARCH NOT FOUND (ABORTING MOD): <div class="product-filter">
----------------------------------------------------------------------


---------- Date: 2016-02-01 16:04:57 ~ IP : 127.0.0.1 ----------
REQUEST URI : /da-nang-sai-gon-mien-tay/tour-da-nang-sai-gon-tay-ninh-can-tho-4-ngay-3-dem.html
MOD DETAILS:
   modFile   : /opt/lampp/htdocs/vfcomvn/vqmod/xml/replace_old_code.xml
   id        : Replace Old Code
   version   : 1
   vqmver    : 2.3.2
   author    : codek365@gmail.com

File Name    : catalog/view/theme/*/*/product/*.tpl(0)
VQModObject::applyMod - SEARCH NOT FOUND (ABORTING MOD): <div class="product-filter">
----------------------------------------------------------------------


---------- Date: 2016-02-01 16:10:06 ~ IP : 127.0.0.1 ----------
REQUEST URI : /da-nang-sai-gon-mien-tay/tour-da-nang-sai-gon-tay-ninh-can-tho-4-ngay-3-dem.html
MOD DETAILS:
   modFile   : /opt/lampp/htdocs/vfcomvn/vqmod/xml/replace_old_code.xml
   id        : Replace Old Code
   version   : 1
   vqmver    : 2.3.2
   author    : codek365@gmail.com

File Name    : catalog/view/theme/*/*/product/*.tpl(0)
VQModObject::applyMod - SEARCH NOT FOUND (ABORTING MOD): <div class="product-filter">
----------------------------------------------------------------------


---------- Date: 2016-02-01 16:10:39 ~ IP : 127.0.0.1 ----------
REQUEST URI : /da-nang-sai-gon-mien-tay/tour-da-nang-sai-gon-tay-ninh-can-tho-4-ngay-3-dem.html
MOD DETAILS:
   modFile   : /opt/lampp/htdocs/vfcomvn/vqmod/xml/replace_old_code.xml
   id        : Replace Old Code
   version   : 1
   vqmver    : 2.3.2
   author    : codek365@gmail.com

File Name    : catalog/view/theme/*/*/product/*.tpl(0)
VQModObject::applyMod - SEARCH NOT FOUND (ABORTING MOD): <div class="product-filter">
----------------------------------------------------------------------


---------- Date: 2016-02-01 16:11:16 ~ IP : 127.0.0.1 ----------
REQUEST URI : /da-nang-sai-gon-mien-tay/tour-da-nang-sai-gon-tay-ninh-can-tho-4-ngay-3-dem.html
MOD DETAILS:
   modFile   : /opt/lampp/htdocs/vfcomvn/vqmod/xml/replace_old_code.xml
   id        : Replace Old Code
   version   : 1
   vqmver    : 2.3.2
   author    : codek365@gmail.com

File Name    : catalog/view/theme/*/*/product/*.tpl(0)
VQModObject::applyMod - SEARCH NOT FOUND (ABORTING MOD): <div class="product-filter">
----------------------------------------------------------------------


---------- Date: 2016-02-01 16:15:11 ~ IP : 127.0.0.1 ----------
REQUEST URI : /da-nang-sai-gon-mien-tay/tour-da-nang-sai-gon-tay-ninh-can-tho-4-ngay-3-dem.html
MOD DETAILS:
   modFile   : /opt/lampp/htdocs/vfcomvn/vqmod/xml/replace_old_code.xml
   id        : Replace Old Code
   version   : 1
   vqmver    : 2.3.2
   author    : codek365@gmail.com

File Name    : catalog/view/theme/*/*/product/*.tpl(0)
VQModObject::applyMod - SEARCH NOT FOUND (ABORTING MOD): <div class="product-filter">
----------------------------------------------------------------------


---------- Date: 2016-02-01 16:22:25 ~ IP : 127.0.0.1 ----------
REQUEST URI : /da-nang-sai-gon-mien-tay/tour-da-nang-sai-gon-tay-ninh-can-tho-4-ngay-3-dem.html
MOD DETAILS:
   modFile   : /opt/lampp/htdocs/vfcomvn/vqmod/xml/replace_old_code.xml
   id        : Replace Old Code
   version   : 1
   vqmver    : 2.3.2
   author    : codek365@gmail.com

File Name    : catalog/view/theme/*/*/product/*.tpl(0)
VQModObject::applyMod - SEARCH NOT FOUND (ABORTING MOD): <div class="product-filter">
----------------------------------------------------------------------


---------- Date: 2016-02-01 16:24:22 ~ IP : 127.0.0.1 ----------
REQUEST URI : /da-nang-sai-gon-mien-tay/tour-da-nang-sai-gon-tay-ninh-can-tho-4-ngay-3-dem.html
MOD DETAILS:
   modFile   : /opt/lampp/htdocs/vfcomvn/vqmod/xml/replace_old_code.xml
   id        : Replace Old Code
   version   : 1
   vqmver    : 2.3.2
   author    : codek365@gmail.com

File Name    : catalog/view/theme/*/*/product/*.tpl(0)
VQModObject::applyMod - SEARCH NOT FOUND (ABORTING MOD): <div class="product-filter">
----------------------------------------------------------------------


---------- Date: 2016-02-01 16:30:58 ~ IP : 127.0.0.1 ----------
REQUEST URI : /da-nang-sai-gon-mien-tay/tour-da-nang-sai-gon-tay-ninh-can-tho-4-ngay-3-dem.html
MOD DETAILS:
   modFile   : /opt/lampp/htdocs/vfcomvn/vqmod/xml/replace_old_code.xml
   id        : Replace Old Code
   version   : 1
   vqmver    : 2.3.2
   author    : codek365@gmail.com

File Name    : catalog/view/theme/*/*/product/*.tpl(0)
VQModObject::applyMod - SEARCH NOT FOUND (ABORTING MOD): <div class="product-filter">
----------------------------------------------------------------------


---------- Date: 2016-02-01 16:31:38 ~ IP : 127.0.0.1 ----------
REQUEST URI : /da-nang-sai-gon-mien-tay/tour-da-nang-sai-gon-tay-ninh-can-tho-4-ngay-3-dem.html
MOD DETAILS:
   modFile   : /opt/lampp/htdocs/vfcomvn/vqmod/xml/replace_old_code.xml
   id        : Replace Old Code
   version   : 1
   vqmver    : 2.3.2
   author    : codek365@gmail.com

File Name    : catalog/view/theme/*/*/product/*.tpl(0)
VQModObject::applyMod - SEARCH NOT FOUND (ABORTING MOD): <div class="product-filter">
----------------------------------------------------------------------


---------- Date: 2016-02-01 16:32:01 ~ IP : 127.0.0.1 ----------
REQUEST URI : /da-nang-sai-gon-mien-tay/tour-da-nang-sai-gon-tay-ninh-can-tho-4-ngay-3-dem.html
MOD DETAILS:
   modFile   : /opt/lampp/htdocs/vfcomvn/vqmod/xml/replace_old_code.xml
   id        : Replace Old Code
   version   : 1
   vqmver    : 2.3.2
   author    : codek365@gmail.com

File Name    : catalog/view/theme/*/*/product/*.tpl(0)
VQModObject::applyMod - SEARCH NOT FOUND (ABORTING MOD): <div class="product-filter">
----------------------------------------------------------------------


---------- Date: 2016-02-01 16:33:14 ~ IP : 127.0.0.1 ----------
REQUEST URI : /da-nang-sai-gon-mien-tay/tour-da-nang-sai-gon-tay-ninh-can-tho-4-ngay-3-dem.html
MOD DETAILS:
   modFile   : /opt/lampp/htdocs/vfcomvn/vqmod/xml/replace_old_code.xml
   id        : Replace Old Code
   version   : 1
   vqmver    : 2.3.2
   author    : codek365@gmail.com

File Name    : catalog/view/theme/*/*/product/*.tpl(0)
VQModObject::applyMod - SEARCH NOT FOUND (ABORTING MOD): <div class="product-filter">
----------------------------------------------------------------------


---------- Date: 2016-02-01 16:33:38 ~ IP : 127.0.0.1 ----------
REQUEST URI : /da-nang-sai-gon-mien-tay/tour-da-nang-sai-gon-tay-ninh-can-tho-4-ngay-3-dem.html
MOD DETAILS:
   modFile   : /opt/lampp/htdocs/vfcomvn/vqmod/xml/replace_old_code.xml
   id        : Replace Old Code
   version   : 1
   vqmver    : 2.3.2
   author    : codek365@gmail.com

File Name    : catalog/view/theme/*/*/product/*.tpl(0)
VQModObject::applyMod - SEARCH NOT FOUND (ABORTING MOD): <div class="product-filter">
----------------------------------------------------------------------


---------- Date: 2016-02-01 16:38:09 ~ IP : 127.0.0.1 ----------
REQUEST URI : /da-nang-sai-gon-mien-tay/tour-da-nang-sai-gon-tay-ninh-can-tho-4-ngay-3-dem.html
MOD DETAILS:
   modFile   : /opt/lampp/htdocs/vfcomvn/vqmod/xml/replace_old_code.xml
   id        : Replace Old Code
   version   : 1
   vqmver    : 2.3.2
   author    : codek365@gmail.com

File Name    : catalog/view/theme/*/*/product/*.tpl(0)
VQModObject::applyMod - SEARCH NOT FOUND (ABORTING MOD): <div class="product-filter">
----------------------------------------------------------------------


---------- Date: 2016-02-01 16:47:33 ~ IP : 127.0.0.1 ----------
REQUEST URI : /da-nang-sai-gon-mien-tay/tour-da-nang-sai-gon-tay-ninh-can-tho-4-ngay-3-dem.html
MOD DETAILS:
   modFile   : /opt/lampp/htdocs/vfcomvn/vqmod/xml/replace_old_code.xml
   id        : Replace Old Code
   version   : 1
   vqmver    : 2.3.2
   author    : codek365@gmail.com

File Name    : catalog/view/theme/*/*/product/*.tpl(0)
VQModObject::applyMod - SEARCH NOT FOUND (ABORTING MOD): <div class="product-filter">
----------------------------------------------------------------------


