---------- Date: 2016-02-02 08:26:14 ~ IP : 127.0.0.1 ----------
REQUEST URI : /da-nang-sai-gon-mien-tay/tour-da-nang-sai-gon-tay-ninh-can-tho-4-ngay-3-dem.html
MOD DETAILS:
   modFile   : /opt/lampp/htdocs/vfcomvn/vqmod/xml/replace_old_code.xml
   id        : Replace Old Code
   version   : 1
   vqmver    : 2.3.2
   author    : codek365@gmail.com

File Name    : catalog/view/theme/*/*/product/*.tpl(0)
VQModObject::applyMod - SEARCH NOT FOUND (ABORTING MOD): <div class="product-filter">
----------------------------------------------------------------------


---------- Date: 2016-02-02 08:26:22 ~ IP : 127.0.0.1 ----------
REQUEST URI : /print/da-nang-sai-gon-mien-tay/tour-da-nang-sai-gon-tay-ninh-can-tho-4-ngay-3-dem.html
MOD DETAILS:
   modFile   : /opt/lampp/htdocs/vfcomvn/vqmod/xml/replace_old_code.xml
   id        : Replace Old Code
   version   : 1
   vqmver    : 2.3.2
   author    : codek365@gmail.com

File Name    : catalog/view/theme/*/*/product/*.tpl(0)
VQModObject::applyMod - SEARCH NOT FOUND (ABORTING MOD): <div class="product-filter">
----------------------------------------------------------------------


---------- Date: 2016-02-02 08:27:53 ~ IP : 127.0.0.1 ----------
REQUEST URI : /print/da-nang-sai-gon-mien-tay/tour-da-nang-sai-gon-tay-ninh-can-tho-4-ngay-3-dem.html
MOD DETAILS:
   modFile   : /opt/lampp/htdocs/vfcomvn/vqmod/xml/replace_old_code.xml
   id        : Replace Old Code
   version   : 1
   vqmver    : 2.3.2
   author    : codek365@gmail.com

File Name    : catalog/view/theme/*/*/product/*.tpl(0)
VQModObject::applyMod - SEARCH NOT FOUND (ABORTING MOD): <div class="product-filter">
----------------------------------------------------------------------


---------- Date: 2016-02-02 08:30:56 ~ IP : 127.0.0.1 ----------
REQUEST URI : /print/da-nang-sai-gon-mien-tay/tour-da-nang-sai-gon-tay-ninh-can-tho-4-ngay-3-dem.html
MOD DETAILS:
   modFile   : /opt/lampp/htdocs/vfcomvn/vqmod/xml/replace_old_code.xml
   id        : Replace Old Code
   version   : 1
   vqmver    : 2.3.2
   author    : codek365@gmail.com

File Name    : catalog/view/theme/*/*/product/*.tpl(0)
VQModObject::applyMod - SEARCH NOT FOUND (ABORTING MOD): <div class="product-filter">
----------------------------------------------------------------------


---------- Date: 2016-02-02 08:31:41 ~ IP : 127.0.0.1 ----------
REQUEST URI : /print/da-nang-sai-gon-mien-tay/tour-da-nang-sai-gon-tay-ninh-can-tho-4-ngay-3-dem.html
MOD DETAILS:
   modFile   : /opt/lampp/htdocs/vfcomvn/vqmod/xml/replace_old_code.xml
   id        : Replace Old Code
   version   : 1
   vqmver    : 2.3.2
   author    : codek365@gmail.com

File Name    : catalog/view/theme/*/*/product/*.tpl(0)
VQModObject::applyMod - SEARCH NOT FOUND (ABORTING MOD): <div class="product-filter">
----------------------------------------------------------------------


---------- Date: 2016-02-02 08:36:29 ~ IP : 127.0.0.1 ----------
REQUEST URI : /print/da-nang-sai-gon-mien-tay/tour-da-nang-sai-gon-tay-ninh-can-tho-4-ngay-3-dem.html
MOD DETAILS:
   modFile   : /opt/lampp/htdocs/vfcomvn/vqmod/xml/replace_old_code.xml
   id        : Replace Old Code
   version   : 1
   vqmver    : 2.3.2
   author    : codek365@gmail.com

File Name    : catalog/view/theme/*/*/product/*.tpl(0)
VQModObject::applyMod - SEARCH NOT FOUND (ABORTING MOD): <div class="product-filter">
----------------------------------------------------------------------


---------- Date: 2016-02-02 08:42:14 ~ IP : 127.0.0.1 ----------
REQUEST URI : /da-nang-sai-gon-mien-tay/tour-da-nang-sai-gon-tay-ninh-can-tho-4-ngay-3-dem.html
MOD DETAILS:
   modFile   : /opt/lampp/htdocs/vfcomvn/vqmod/xml/replace_old_code.xml
   id        : Replace Old Code
   version   : 1
   vqmver    : 2.3.2
   author    : codek365@gmail.com

File Name    : catalog/view/theme/*/*/product/*.tpl(0)
VQModObject::applyMod - SEARCH NOT FOUND (ABORTING MOD): <div class="product-filter">
----------------------------------------------------------------------


---------- Date: 2016-02-02 08:42:17 ~ IP : 127.0.0.1 ----------
REQUEST URI : /print/da-nang-sai-gon-mien-tay/tour-da-nang-sai-gon-tay-ninh-can-tho-4-ngay-3-dem.html
MOD DETAILS:
   modFile   : /opt/lampp/htdocs/vfcomvn/vqmod/xml/replace_old_code.xml
   id        : Replace Old Code
   version   : 1
   vqmver    : 2.3.2
   author    : codek365@gmail.com

File Name    : catalog/view/theme/*/*/product/*.tpl(0)
VQModObject::applyMod - SEARCH NOT FOUND (ABORTING MOD): <div class="product-filter">
----------------------------------------------------------------------


---------- Date: 2016-02-02 08:46:42 ~ IP : 127.0.0.1 ----------
REQUEST URI : /print/da-nang-sai-gon-mien-tay/tour-da-nang-sai-gon-tay-ninh-can-tho-4-ngay-3-dem.html
MOD DETAILS:
   modFile   : /opt/lampp/htdocs/vfcomvn/vqmod/xml/replace_old_code.xml
   id        : Replace Old Code
   version   : 1
   vqmver    : 2.3.2
   author    : codek365@gmail.com

File Name    : catalog/view/theme/*/*/product/*.tpl(0)
VQModObject::applyMod - SEARCH NOT FOUND (ABORTING MOD): <div class="product-filter">
----------------------------------------------------------------------


---------- Date: 2016-02-02 08:56:16 ~ IP : 127.0.0.1 ----------
REQUEST URI : /da-nang-sai-gon-mien-tay/tour-da-nang-sai-gon-tay-ninh-can-tho-4-ngay-3-dem.html
MOD DETAILS:
   modFile   : /opt/lampp/htdocs/vfcomvn/vqmod/xml/replace_old_code.xml
   id        : Replace Old Code
   version   : 1
   vqmver    : 2.3.2
   author    : codek365@gmail.com

File Name    : catalog/view/theme/*/*/product/*.tpl(0)
VQModObject::applyMod - SEARCH NOT FOUND (ABORTING MOD): <div class="product-filter">
----------------------------------------------------------------------


---------- Date: 2016-02-02 09:01:11 ~ IP : 127.0.0.1 ----------
REQUEST URI : /da-nang-sai-gon-mien-tay/tour-da-nang-sai-gon-tay-ninh-can-tho-4-ngay-3-dem.html
MOD DETAILS:
   modFile   : /opt/lampp/htdocs/vfcomvn/vqmod/xml/replace_old_code.xml
   id        : Replace Old Code
   version   : 1
   vqmver    : 2.3.2
   author    : codek365@gmail.com

File Name    : catalog/view/theme/*/*/product/*.tpl(0)
VQModObject::applyMod - SEARCH NOT FOUND (ABORTING MOD): <div class="product-filter">
----------------------------------------------------------------------


---------- Date: 2016-02-02 09:01:32 ~ IP : 127.0.0.1 ----------
REQUEST URI : /da-nang-sai-gon-mien-tay/tour-da-nang-sai-gon-tay-ninh-can-tho-4-ngay-3-dem.html
MOD DETAILS:
   modFile   : /opt/lampp/htdocs/vfcomvn/vqmod/xml/replace_old_code.xml
   id        : Replace Old Code
   version   : 1
   vqmver    : 2.3.2
   author    : codek365@gmail.com

File Name    : catalog/view/theme/*/*/product/*.tpl(0)
VQModObject::applyMod - SEARCH NOT FOUND (ABORTING MOD): <div class="product-filter">
----------------------------------------------------------------------


---------- Date: 2016-02-02 09:01:46 ~ IP : 127.0.0.1 ----------
REQUEST URI : /da-nang-sai-gon-mien-tay/tour-da-nang-sai-gon-tay-ninh-can-tho-4-ngay-3-dem.html
MOD DETAILS:
   modFile   : /opt/lampp/htdocs/vfcomvn/vqmod/xml/replace_old_code.xml
   id        : Replace Old Code
   version   : 1
   vqmver    : 2.3.2
   author    : codek365@gmail.com

File Name    : catalog/view/theme/*/*/product/*.tpl(0)
VQModObject::applyMod - SEARCH NOT FOUND (ABORTING MOD): <div class="product-filter">
----------------------------------------------------------------------


---------- Date: 2016-02-02 09:02:00 ~ IP : 127.0.0.1 ----------
REQUEST URI : /da-nang-sai-gon-mien-tay/tour-da-nang-sai-gon-tay-ninh-can-tho-4-ngay-3-dem.html
MOD DETAILS:
   modFile   : /opt/lampp/htdocs/vfcomvn/vqmod/xml/replace_old_code.xml
   id        : Replace Old Code
   version   : 1
   vqmver    : 2.3.2
   author    : codek365@gmail.com

File Name    : catalog/view/theme/*/*/product/*.tpl(0)
VQModObject::applyMod - SEARCH NOT FOUND (ABORTING MOD): <div class="product-filter">
----------------------------------------------------------------------


---------- Date: 2016-02-02 09:05:00 ~ IP : 127.0.0.1 ----------
REQUEST URI : /da-nang-sai-gon-mien-tay/tour-da-nang-sai-gon-tay-ninh-can-tho-4-ngay-3-dem.html
MOD DETAILS:
   modFile   : /opt/lampp/htdocs/vfcomvn/vqmod/xml/replace_old_code.xml
   id        : Replace Old Code
   version   : 1
   vqmver    : 2.3.2
   author    : codek365@gmail.com

File Name    : catalog/view/theme/*/*/product/*.tpl(0)
VQModObject::applyMod - SEARCH NOT FOUND (ABORTING MOD): <div class="product-filter">
----------------------------------------------------------------------


---------- Date: 2016-02-02 09:11:45 ~ IP : 127.0.0.1 ----------
REQUEST URI : /da-nang-sai-gon-mien-tay/tour-da-nang-sai-gon-tay-ninh-can-tho-4-ngay-3-dem.html
MOD DETAILS:
   modFile   : /opt/lampp/htdocs/vfcomvn/vqmod/xml/replace_old_code.xml
   id        : Replace Old Code
   version   : 1
   vqmver    : 2.3.2
   author    : codek365@gmail.com

File Name    : catalog/view/theme/*/*/product/*.tpl(0)
VQModObject::applyMod - SEARCH NOT FOUND (ABORTING MOD): <div class="product-filter">
----------------------------------------------------------------------


---------- Date: 2016-02-02 09:12:19 ~ IP : 127.0.0.1 ----------
REQUEST URI : /da-nang-sai-gon-mien-tay/tour-da-nang-sai-gon-tay-ninh-can-tho-4-ngay-3-dem.html
MOD DETAILS:
   modFile   : /opt/lampp/htdocs/vfcomvn/vqmod/xml/replace_old_code.xml
   id        : Replace Old Code
   version   : 1
   vqmver    : 2.3.2
   author    : codek365@gmail.com

File Name    : catalog/view/theme/*/*/product/*.tpl(0)
VQModObject::applyMod - SEARCH NOT FOUND (ABORTING MOD): <div class="product-filter">
----------------------------------------------------------------------


---------- Date: 2016-02-02 09:12:57 ~ IP : 127.0.0.1 ----------
REQUEST URI : /da-nang-sai-gon-mien-tay/tour-da-nang-sai-gon-tay-ninh-can-tho-4-ngay-3-dem.html
MOD DETAILS:
   modFile   : /opt/lampp/htdocs/vfcomvn/vqmod/xml/replace_old_code.xml
   id        : Replace Old Code
   version   : 1
   vqmver    : 2.3.2
   author    : codek365@gmail.com

File Name    : catalog/view/theme/*/*/product/*.tpl(0)
VQModObject::applyMod - SEARCH NOT FOUND (ABORTING MOD): <div class="product-filter">
----------------------------------------------------------------------


---------- Date: 2016-02-02 09:14:02 ~ IP : 127.0.0.1 ----------
REQUEST URI : /da-nang-sai-gon-mien-tay/tour-da-nang-sai-gon-tay-ninh-can-tho-4-ngay-3-dem.html
MOD DETAILS:
   modFile   : /opt/lampp/htdocs/vfcomvn/vqmod/xml/replace_old_code.xml
   id        : Replace Old Code
   version   : 1
   vqmver    : 2.3.2
   author    : codek365@gmail.com

File Name    : catalog/view/theme/*/*/product/*.tpl(0)
VQModObject::applyMod - SEARCH NOT FOUND (ABORTING MOD): <div class="product-filter">
----------------------------------------------------------------------


---------- Date: 2016-02-02 09:15:44 ~ IP : 127.0.0.1 ----------
REQUEST URI : /da-nang-sai-gon-mien-tay/tour-da-nang-sai-gon-tay-ninh-can-tho-4-ngay-3-dem.html
MOD DETAILS:
   modFile   : /opt/lampp/htdocs/vfcomvn/vqmod/xml/replace_old_code.xml
   id        : Replace Old Code
   version   : 1
   vqmver    : 2.3.2
   author    : codek365@gmail.com

File Name    : catalog/view/theme/*/*/product/*.tpl(0)
VQModObject::applyMod - SEARCH NOT FOUND (ABORTING MOD): <div class="product-filter">
----------------------------------------------------------------------


---------- Date: 2016-02-02 09:16:25 ~ IP : 127.0.0.1 ----------
REQUEST URI : /da-nang-sai-gon-mien-tay/tour-da-nang-sai-gon-tay-ninh-can-tho-4-ngay-3-dem.html
MOD DETAILS:
   modFile   : /opt/lampp/htdocs/vfcomvn/vqmod/xml/replace_old_code.xml
   id        : Replace Old Code
   version   : 1
   vqmver    : 2.3.2
   author    : codek365@gmail.com

File Name    : catalog/view/theme/*/*/product/*.tpl(0)
VQModObject::applyMod - SEARCH NOT FOUND (ABORTING MOD): <div class="product-filter">
----------------------------------------------------------------------


---------- Date: 2016-02-02 09:17:33 ~ IP : 127.0.0.1 ----------
REQUEST URI : /da-nang-sai-gon-mien-tay/tour-da-nang-sai-gon-tay-ninh-can-tho-4-ngay-3-dem.html
MOD DETAILS:
   modFile   : /opt/lampp/htdocs/vfcomvn/vqmod/xml/replace_old_code.xml
   id        : Replace Old Code
   version   : 1
   vqmver    : 2.3.2
   author    : codek365@gmail.com

File Name    : catalog/view/theme/*/*/product/*.tpl(0)
VQModObject::applyMod - SEARCH NOT FOUND (ABORTING MOD): <div class="product-filter">
----------------------------------------------------------------------


---------- Date: 2016-02-02 09:18:22 ~ IP : 127.0.0.1 ----------
REQUEST URI : /da-nang-sai-gon-mien-tay/tour-da-nang-sai-gon-tay-ninh-can-tho-4-ngay-3-dem.html
MOD DETAILS:
   modFile   : /opt/lampp/htdocs/vfcomvn/vqmod/xml/replace_old_code.xml
   id        : Replace Old Code
   version   : 1
   vqmver    : 2.3.2
   author    : codek365@gmail.com

File Name    : catalog/view/theme/*/*/product/*.tpl(0)
VQModObject::applyMod - SEARCH NOT FOUND (ABORTING MOD): <div class="product-filter">
----------------------------------------------------------------------


---------- Date: 2016-02-02 09:18:46 ~ IP : 127.0.0.1 ----------
REQUEST URI : /da-nang-sai-gon-mien-tay/tour-da-nang-sai-gon-tay-ninh-can-tho-4-ngay-3-dem.html
MOD DETAILS:
   modFile   : /opt/lampp/htdocs/vfcomvn/vqmod/xml/replace_old_code.xml
   id        : Replace Old Code
   version   : 1
   vqmver    : 2.3.2
   author    : codek365@gmail.com

File Name    : catalog/view/theme/*/*/product/*.tpl(0)
VQModObject::applyMod - SEARCH NOT FOUND (ABORTING MOD): <div class="product-filter">
----------------------------------------------------------------------


---------- Date: 2016-02-02 09:19:32 ~ IP : 127.0.0.1 ----------
REQUEST URI : /da-nang-sai-gon-mien-tay/tour-da-nang-sai-gon-tay-ninh-can-tho-4-ngay-3-dem.html
MOD DETAILS:
   modFile   : /opt/lampp/htdocs/vfcomvn/vqmod/xml/replace_old_code.xml
   id        : Replace Old Code
   version   : 1
   vqmver    : 2.3.2
   author    : codek365@gmail.com

File Name    : catalog/view/theme/*/*/product/*.tpl(0)
VQModObject::applyMod - SEARCH NOT FOUND (ABORTING MOD): <div class="product-filter">
----------------------------------------------------------------------


---------- Date: 2016-02-02 09:20:31 ~ IP : 127.0.0.1 ----------
REQUEST URI : /da-nang-sai-gon-mien-tay/tour-da-nang-sai-gon-tay-ninh-can-tho-4-ngay-3-dem.html
MOD DETAILS:
   modFile   : /opt/lampp/htdocs/vfcomvn/vqmod/xml/replace_old_code.xml
   id        : Replace Old Code
   version   : 1
   vqmver    : 2.3.2
   author    : codek365@gmail.com

File Name    : catalog/view/theme/*/*/product/*.tpl(0)
VQModObject::applyMod - SEARCH NOT FOUND (ABORTING MOD): <div class="product-filter">
----------------------------------------------------------------------


---------- Date: 2016-02-02 09:22:02 ~ IP : 127.0.0.1 ----------
REQUEST URI : /da-nang-sai-gon-mien-tay/tour-da-nang-sai-gon-tay-ninh-can-tho-4-ngay-3-dem.html
MOD DETAILS:
   modFile   : /opt/lampp/htdocs/vfcomvn/vqmod/xml/replace_old_code.xml
   id        : Replace Old Code
   version   : 1
   vqmver    : 2.3.2
   author    : codek365@gmail.com

File Name    : catalog/view/theme/*/*/product/*.tpl(0)
VQModObject::applyMod - SEARCH NOT FOUND (ABORTING MOD): <div class="product-filter">
----------------------------------------------------------------------


---------- Date: 2016-02-02 09:22:30 ~ IP : 127.0.0.1 ----------
REQUEST URI : /da-nang-sai-gon-mien-tay/tour-da-nang-sai-gon-tay-ninh-can-tho-4-ngay-3-dem.html
MOD DETAILS:
   modFile   : /opt/lampp/htdocs/vfcomvn/vqmod/xml/replace_old_code.xml
   id        : Replace Old Code
   version   : 1
   vqmver    : 2.3.2
   author    : codek365@gmail.com

File Name    : catalog/view/theme/*/*/product/*.tpl(0)
VQModObject::applyMod - SEARCH NOT FOUND (ABORTING MOD): <div class="product-filter">
----------------------------------------------------------------------


---------- Date: 2016-02-02 09:23:22 ~ IP : 127.0.0.1 ----------
REQUEST URI : /da-nang-sai-gon-mien-tay/tour-da-nang-sai-gon-tay-ninh-can-tho-4-ngay-3-dem.html
MOD DETAILS:
   modFile   : /opt/lampp/htdocs/vfcomvn/vqmod/xml/replace_old_code.xml
   id        : Replace Old Code
   version   : 1
   vqmver    : 2.3.2
   author    : codek365@gmail.com

File Name    : catalog/view/theme/*/*/product/*.tpl(0)
VQModObject::applyMod - SEARCH NOT FOUND (ABORTING MOD): <div class="product-filter">
----------------------------------------------------------------------


---------- Date: 2016-02-02 09:23:47 ~ IP : 127.0.0.1 ----------
REQUEST URI : /da-nang-sai-gon-mien-tay/tour-da-nang-sai-gon-tay-ninh-can-tho-4-ngay-3-dem.html
MOD DETAILS:
   modFile   : /opt/lampp/htdocs/vfcomvn/vqmod/xml/replace_old_code.xml
   id        : Replace Old Code
   version   : 1
   vqmver    : 2.3.2
   author    : codek365@gmail.com

File Name    : catalog/view/theme/*/*/product/*.tpl(0)
VQModObject::applyMod - SEARCH NOT FOUND (ABORTING MOD): <div class="product-filter">
----------------------------------------------------------------------


---------- Date: 2016-02-02 09:25:20 ~ IP : 127.0.0.1 ----------
REQUEST URI : /da-nang-sai-gon-mien-tay/tour-da-nang-sai-gon-tay-ninh-can-tho-4-ngay-3-dem.html
MOD DETAILS:
   modFile   : /opt/lampp/htdocs/vfcomvn/vqmod/xml/replace_old_code.xml
   id        : Replace Old Code
   version   : 1
   vqmver    : 2.3.2
   author    : codek365@gmail.com

File Name    : catalog/view/theme/*/*/product/*.tpl(0)
VQModObject::applyMod - SEARCH NOT FOUND (ABORTING MOD): <div class="product-filter">
----------------------------------------------------------------------


---------- Date: 2016-02-02 09:29:41 ~ IP : 127.0.0.1 ----------
REQUEST URI : /da-nang-sai-gon-mien-tay/tour-da-nang-sai-gon-tay-ninh-can-tho-4-ngay-3-dem.html
MOD DETAILS:
   modFile   : /opt/lampp/htdocs/vfcomvn/vqmod/xml/replace_old_code.xml
   id        : Replace Old Code
   version   : 1
   vqmver    : 2.3.2
   author    : codek365@gmail.com

File Name    : catalog/view/theme/*/*/product/*.tpl(0)
VQModObject::applyMod - SEARCH NOT FOUND (ABORTING MOD): <div class="product-filter">
----------------------------------------------------------------------


---------- Date: 2016-02-02 09:50:03 ~ IP : 127.0.0.1 ----------
REQUEST URI : /da-nang-sai-gon-mien-tay/tour-da-nang-sai-gon-tay-ninh-can-tho-4-ngay-3-dem.html
MOD DETAILS:
   modFile   : /opt/lampp/htdocs/vfcomvn/vqmod/xml/replace_old_code.xml
   id        : Replace Old Code
   version   : 1
   vqmver    : 2.3.2
   author    : codek365@gmail.com

File Name    : catalog/view/theme/*/*/product/*.tpl(0)
VQModObject::applyMod - SEARCH NOT FOUND (ABORTING MOD): <div class="product-filter">
----------------------------------------------------------------------


---------- Date: 2016-02-02 09:50:16 ~ IP : 127.0.0.1 ----------
REQUEST URI : /da-nang-sai-gon-mien-tay/tour-da-nang-sai-gon-tay-ninh-can-tho-4-ngay-3-dem.html
MOD DETAILS:
   modFile   : /opt/lampp/htdocs/vfcomvn/vqmod/xml/replace_old_code.xml
   id        : Replace Old Code
   version   : 1
   vqmver    : 2.3.2
   author    : codek365@gmail.com

File Name    : catalog/view/theme/*/*/product/*.tpl(0)
VQModObject::applyMod - SEARCH NOT FOUND (ABORTING MOD): <div class="product-filter">
----------------------------------------------------------------------


---------- Date: 2016-02-02 09:52:09 ~ IP : 127.0.0.1 ----------
REQUEST URI : /da-nang-sai-gon-mien-tay/tour-da-nang-sai-gon-tay-ninh-can-tho-4-ngay-3-dem.html
MOD DETAILS:
   modFile   : /opt/lampp/htdocs/vfcomvn/vqmod/xml/replace_old_code.xml
   id        : Replace Old Code
   version   : 1
   vqmver    : 2.3.2
   author    : codek365@gmail.com

File Name    : catalog/view/theme/*/*/product/*.tpl(0)
VQModObject::applyMod - SEARCH NOT FOUND (ABORTING MOD): <div class="product-filter">
----------------------------------------------------------------------


---------- Date: 2016-02-02 09:52:12 ~ IP : 127.0.0.1 ----------
REQUEST URI : /print/da-nang-sai-gon-mien-tay/tour-da-nang-sai-gon-tay-ninh-can-tho-4-ngay-3-dem.html
MOD DETAILS:
   modFile   : /opt/lampp/htdocs/vfcomvn/vqmod/xml/replace_old_code.xml
   id        : Replace Old Code
   version   : 1
   vqmver    : 2.3.2
   author    : codek365@gmail.com

File Name    : catalog/view/theme/*/*/product/*.tpl(0)
VQModObject::applyMod - SEARCH NOT FOUND (ABORTING MOD): <div class="product-filter">
----------------------------------------------------------------------


---------- Date: 2016-02-02 09:53:59 ~ IP : 127.0.0.1 ----------
REQUEST URI : /print/da-nang-sai-gon-mien-tay/tour-da-nang-sai-gon-tay-ninh-can-tho-4-ngay-3-dem.html
MOD DETAILS:
   modFile   : /opt/lampp/htdocs/vfcomvn/vqmod/xml/replace_old_code.xml
   id        : Replace Old Code
   version   : 1
   vqmver    : 2.3.2
   author    : codek365@gmail.com

File Name    : catalog/view/theme/*/*/product/*.tpl(0)
VQModObject::applyMod - SEARCH NOT FOUND (ABORTING MOD): <div class="product-filter">
----------------------------------------------------------------------


---------- Date: 2016-02-02 09:54:59 ~ IP : 127.0.0.1 ----------
REQUEST URI : /print/da-nang-sai-gon-mien-tay/tour-da-nang-sai-gon-tay-ninh-can-tho-4-ngay-3-dem.html
MOD DETAILS:
   modFile   : /opt/lampp/htdocs/vfcomvn/vqmod/xml/replace_old_code.xml
   id        : Replace Old Code
   version   : 1
   vqmver    : 2.3.2
   author    : codek365@gmail.com

File Name    : catalog/view/theme/*/*/product/*.tpl(0)
VQModObject::applyMod - SEARCH NOT FOUND (ABORTING MOD): <div class="product-filter">
----------------------------------------------------------------------


